mode: atomic
github.com/portfolio/flowstate/main.go:78.20,83.2 1 16
github.com/portfolio/flowstate/main.go:88.42,90.3 1 0
github.com/portfolio/flowstate/main.go:95.13,121.59 11 0
github.com/portfolio/flowstate/main.go:121.59,123.3 1 0
github.com/portfolio/flowstate/main.go:126.59,134.2 2 1
github.com/portfolio/flowstate/main.go:136.58,139.18 2 9
github.com/portfolio/flowstate/main.go:140.22,144.34 3 2
github.com/portfolio/flowstate/main.go:144.34,150.4 1 1
github.com/portfolio/flowstate/main.go:151.3,152.35 2 2
github.com/portfolio/flowstate/main.go:154.23,159.62 2 6
github.com/portfolio/flowstate/main.go:159.62,162.4 2 1
github.com/portfolio/flowstate/main.go:164.3,184.5 6 5
github.com/portfolio/flowstate/main.go:186.10,187.67 1 1
github.com/portfolio/flowstate/main.go:191.61,193.18 2 6
github.com/portfolio/flowstate/main.go:193.18,196.3 2 1
github.com/portfolio/flowstate/main.go:198.2,202.13 4 5
github.com/portfolio/flowstate/main.go:202.13,205.3 2 2
github.com/portfolio/flowstate/main.go:207.2,209.18 2 3
github.com/portfolio/flowstate/main.go:210.22,213.34 3 1
github.com/portfolio/flowstate/main.go:213.34,219.4 1 0
github.com/portfolio/flowstate/main.go:220.3,227.5 2 1
github.com/portfolio/flowstate/main.go:229.25,236.5 4 1
github.com/portfolio/flowstate/main.go:238.10,239.67 1 1
github.com/portfolio/flowstate/main.go:243.62,245.16 2 0
github.com/portfolio/flowstate/main.go:245.16,248.3 2 0
github.com/portfolio/flowstate/main.go:249.2,254.6 4 0
github.com/portfolio/flowstate/main.go:254.6,256.45 2 0
github.com/portfolio/flowstate/main.go:256.45,259.26 2 0
github.com/portfolio/flowstate/main.go:259.26,261.5 1 0
github.com/portfolio/flowstate/main.go:262.4,262.9 1 0
github.com/portfolio/flowstate/main.go:265.3,265.19 1 0
github.com/portfolio/flowstate/main.go:266.24,267.49 1 0
github.com/portfolio/flowstate/main.go:269.25,270.26 1 0
github.com/portfolio/flowstate/main.go:270.26,273.5 2 0
github.com/portfolio/flowstate/main.go:275.26,276.26 1 0
github.com/portfolio/flowstate/main.go:276.26,278.5 1 0
github.com/portfolio/flowstate/main.go:280.25,281.26 1 0
github.com/portfolio/flowstate/main.go:281.26,283.5 1 0
github.com/portfolio/flowstate/main.go:285.26,286.26 1 0
github.com/portfolio/flowstate/main.go:286.26,288.5 1 0
github.com/portfolio/flowstate/main.go:290.24,291.26 1 0
github.com/portfolio/flowstate/main.go:291.26,293.5 1 0
github.com/portfolio/flowstate/main.go:295.24,296.26 1 0
github.com/portfolio/flowstate/main.go:296.26,298.5 1 0
github.com/portfolio/flowstate/main.go:303.75,315.13 6 0
github.com/portfolio/flowstate/main.go:315.13,321.3 2 0
github.com/portfolio/flowstate/main.go:323.2,358.13 13 0
github.com/portfolio/flowstate/main.go:361.53,364.12 3 2
github.com/portfolio/flowstate/main.go:364.12,366.3 1 1
github.com/portfolio/flowstate/main.go:367.2,373.19 5 2
github.com/portfolio/flowstate/main.go:373.19,387.3 4 1
github.com/portfolio/flowstate/main.go:390.59,406.2 8 1
github.com/portfolio/flowstate/main.go:408.58,411.33 3 0
github.com/portfolio/flowstate/main.go:411.33,417.3 1 0
github.com/portfolio/flowstate/main.go:418.2,430.4 5 0
github.com/portfolio/flowstate/main.go:433.64,440.39 5 3
github.com/portfolio/flowstate/main.go:440.39,441.21 1 0
github.com/portfolio/flowstate/main.go:441.21,443.4 1 0
